Using pre-set license

 COMMAND LINE ARGUMENTS:
/Applications/Unity/Hub/Editor/2020.3.12f1/Unity.app/Contents/MacOS/Unity
-adb2
-batchMode
-noUpm
-name
AssetImportWorker0
-projectPath
/Users/sai-ithw/Documents/VinhHuynh/Referrences/Car
-logFile
Logs/AssetImportWorker0.log
-srvPort
51598
Successfully changed project path to: /Users/sai-ithw/Documents/VinhHuynh/Referrences/Car
/Users/sai-ithw/Documents/VinhHuynh/Referrences/Car
Using Asset Import Pipeline V2.
Refreshing native plugins compatible for Editor in 44.12 ms, found 2 plugins.
Preloading 0 native plugins for Editor in 0.00 ms.
Initialize engine version: 2020.3.12f1 (b3b2c6512326)
[Subsystems] Discovering subsystems at path /Applications/Unity/Hub/Editor/2020.3.12f1/Unity.app/Contents/Resources/UnitySubsystems
[Subsystems] Discovering subsystems at path /Users/sai-ithw/Documents/VinhHuynh/Referrences/Car/Assets
GfxDevice: creating device client; threaded=0
2021-09-24 10:56:24.970 Unity[2741:73072] DELL P2217H preferred device: Intel(R) UHD Graphics 630 (low power)
2021-09-24 10:56:24.970 Unity[2741:73072] Metal devices available: 1
2021-09-24 10:56:24.970 Unity[2741:73072] 0: Intel(R) UHD Graphics 630 (low power)
2021-09-24 10:56:24.987 Unity[2741:73072] Using device Intel(R) UHD Graphics 630 (low power)
Initializing Metal device caps: Intel(R) UHD Graphics 630
Initialize mono
Mono path[0] = '/Applications/Unity/Hub/Editor/2020.3.12f1/Unity.app/Contents/Managed'
Mono path[1] = '/Applications/Unity/Hub/Editor/2020.3.12f1/Unity.app/Contents/MonoBleedingEdge/lib/mono/unityjit'
Mono config path = '/Applications/Unity/Hub/Editor/2020.3.12f1/Unity.app/Contents/MonoBleedingEdge/etc'
Using monoOptions --debugger-agent=transport=dt_socket,embedding=1,server=y,suspend=n,address=127.0.0.1:56741
Begin MonoManager ReloadAssembly
Registering precompiled unity dll's ...
Register platform support module: /Applications/Unity/Hub/Editor/2020.3.12f1/Unity.app/Contents/PlaybackEngines/MacStandaloneSupport/UnityEditor.OSXStandalone.Extensions.dll
Register platform support module: /Applications/Unity/Hub/Editor/2020.3.12f1/PlaybackEngines/LinuxStandaloneSupport/UnityEditor.LinuxStandalone.Extensions.dll
Register platform support module: /Applications/Unity/Hub/Editor/2020.3.12f1/PlaybackEngines/LuminSupport/UnityEditor.Lumin.Extensions.dll
Registered in 0.000749 seconds.
Native extension for Lumin target not found
Native extension for LinuxStandalone target not found
Native extension for OSXStandalone target not found
Refreshing native plugins compatible for Editor in 42.17 ms, found 2 plugins.
Preloading 0 native plugins for Editor in 0.00 ms.
Mono: successfully reloaded assembly
- Completed reload, in  2.713 seconds
Platform modules already initialized, skipping
Registering precompiled user dll's ...
Registered in 0.001775 seconds.
Begin MonoManager ReloadAssembly
Native extension for Lumin target not found
Native extension for LinuxStandalone target not found
Native extension for OSXStandalone target not found
Refreshing native plugins compatible for Editor in 42.25 ms, found 2 plugins.
Preloading 0 native plugins for Editor in 0.00 ms.
Mono: successfully reloaded assembly
- Completed reload, in  1.234 seconds
Platform modules already initialized, skipping
========================================================================
Worker process is ready to serve import requests
Shader 'Universal Render Pipeline/Particles/Lit': fallback shader 'Universal Render Pipeline/Particles/SimpleLit' not found
Shader 'Universal Render Pipeline/Particles/Lit': fallback shader 'Universal Render Pipeline/Particles/SimpleLit' not found
Launching external process: /Applications/Unity/Hub/Editor/2020.3.12f1/Unity.app/Contents/Tools/UnityShaderCompiler
Launched and connected shader compiler UnityShaderCompiler after 0.01 seconds
Refreshing native plugins compatible for Editor in 0.41 ms, found 2 plugins.
Preloading 0 native plugins for Editor in 0.00 ms.
Unloading 2692 Unused Serialized files (Serialized files now loaded: 0)
System memory in use before: 210.2 MB.
System memory in use after: 207.5 MB.

Unloading 54 unused Assets to reduce memory usage. Loaded Objects now: 3091.
Total: 3.169244 ms (FindLiveObjects: 0.240614 ms CreateObjectMapping: 0.099564 ms MarkObjects: 1.562518 ms  DeleteObjects: 1.265797 ms)

AssetImportParameters requested are different than current active one (requested -> active):
  custom:video-decoder-ogg-theora: a1e56fd34408186e4bbccfd4996cb3dc -> 
  custom:container-muxer-webm: aa71ff27fc2769a1b78a27578f13a17b -> 
  custom:container-demuxer-webm: 4f35f7cbe854078d1ac9338744f61a02 -> 
  custom:container-demuxer-ogg: 62fdf1f143b41e24485cea50d1cbac27 -> 
  custom:video-encoder-webm-vp8: eb34c28f22e8b96e1ab97ce403110664 -> 
  custom:framework-osx-AVFoundation: e770b220cccbd017edd2c1fefb359320 -> 
  custom:video-decoder-webm-vp8: 9c59270c3fd7afecdb556c50c9e8de78 -> 
  custom:audio-decoder-ogg-vorbis: bf7c407c2cedff20999df2af8eb42d56 -> 
  custom:audio-encoder-webm-vorbis: bf7c407c2cedff20999df2af8eb42d56 -> 
========================================================================
Received Import Request.
  path: Assets/Tire/Demo/DemoTire.unity
  artifactKey: Guid(187d305b696499b4a908efb2b130e45f) Importer(815301076,1909f56bfc062723c751e8b465ee728b)
Start importing Assets/Tire/Demo/DemoTire.unity using Guid(187d305b696499b4a908efb2b130e45f) Importer(815301076,1909f56bfc062723c751e8b465ee728b)  -> (artifact id: '3cdec0e7db8ca0210298ccc73753276b') in 0.011759 seconds 
  Import took 0.015058 seconds .

========================================================================
Received Import Request.
  Time since last request: 44.723504 seconds.
  path: Assets/Tire/Demo/DemoTireSettings.lighting
  artifactKey: Guid(26645c4c73bd74f63ba97c1aec1fa169) Importer(815301076,1909f56bfc062723c751e8b465ee728b)
Start importing Assets/Tire/Demo/DemoTireSettings.lighting using Guid(26645c4c73bd74f63ba97c1aec1fa169) Importer(815301076,1909f56bfc062723c751e8b465ee728b) LightingSettings: switching bake backend from 1 to 0.
 -> (artifact id: 'f7838f20d8d031783536d4f936495e3f') in 0.662953 seconds 
  Import took 0.666234 seconds .

========================================================================
Received Import Request.
  Time since last request: 58.043143 seconds.
  path: Assets/Tire/Meshe/Tire.fbx
  artifactKey: Guid(a6b74f3da7e004f45bf847c957eb480a) Importer(815301076,1909f56bfc062723c751e8b465ee728b)
Start importing Assets/Tire/Meshe/Tire.fbx using Guid(a6b74f3da7e004f45bf847c957eb480a) Importer(815301076,1909f56bfc062723c751e8b465ee728b)  -> (artifact id: '344ec6ef7e0b0d853cf5140cbe090a80') in 0.489842 seconds 
  Import took 0.493431 seconds .

========================================================================
Received Import Request.
  Time since last request: 4.143758 seconds.
  path: Assets/Tires/Meshes/SmallTire.fbx
  artifactKey: Guid(2972212ea0d119747a73419757e00726) Importer(815301076,1909f56bfc062723c751e8b465ee728b)
Start importing Assets/Tires/Meshes/SmallTire.fbx using Guid(2972212ea0d119747a73419757e00726) Importer(815301076,1909f56bfc062723c751e8b465ee728b)  -> (artifact id: 'cb4d741b39dc36c4bdeaf785fcb411e4') in 0.012441 seconds 
  Import took 0.016166 seconds .

========================================================================
Received Prepare
Registering precompiled user dll's ...
Registered in 0.001744 seconds.
Begin MonoManager ReloadAssembly
Native extension for Lumin target not found
Native extension for LinuxStandalone target not found
Native extension for OSXStandalone target not found
Refreshing native plugins compatible for Editor in 0.49 ms, found 2 plugins.
Preloading 0 native plugins for Editor in 0.00 ms.
Mono: successfully reloaded assembly
- Completed reload, in  1.160 seconds
Platform modules already initialized, skipping
Shader 'Universal Render Pipeline/Particles/Lit': fallback shader 'Universal Render Pipeline/Particles/SimpleLit' not found
Shader 'Universal Render Pipeline/Particles/Lit': fallback shader 'Universal Render Pipeline/Particles/SimpleLit' not found
Refreshing native plugins compatible for Editor in 0.48 ms, found 2 plugins.
Preloading 0 native plugins for Editor in 0.00 ms.
Unloading 2617 Unused Serialized files (Serialized files now loaded: 0)
System memory in use before: 222.0 MB.
System memory in use after: 219.3 MB.

Unloading 49 unused Assets to reduce memory usage. Loaded Objects now: 3142.
Total: 3.186397 ms (FindLiveObjects: 0.242887 ms CreateObjectMapping: 0.106041 ms MarkObjects: 1.545409 ms  DeleteObjects: 1.291294 ms)

AssetImportParameters requested are different than current active one (requested -> active):
  custom:video-decoder-ogg-theora: a1e56fd34408186e4bbccfd4996cb3dc -> 
  custom:container-muxer-webm: aa71ff27fc2769a1b78a27578f13a17b -> 
  custom:container-demuxer-webm: 4f35f7cbe854078d1ac9338744f61a02 -> 
  custom:container-demuxer-ogg: 62fdf1f143b41e24485cea50d1cbac27 -> 
  custom:video-encoder-webm-vp8: eb34c28f22e8b96e1ab97ce403110664 -> 
  custom:framework-osx-AVFoundation: e770b220cccbd017edd2c1fefb359320 -> 
  custom:video-decoder-webm-vp8: 9c59270c3fd7afecdb556c50c9e8de78 -> 
  custom:audio-decoder-ogg-vorbis: bf7c407c2cedff20999df2af8eb42d56 -> 
  custom:audio-encoder-webm-vorbis: bf7c407c2cedff20999df2af8eb42d56 -> 
========================================================================
Received Prepare
Registering precompiled user dll's ...
Registered in 0.009274 seconds.
Begin MonoManager ReloadAssembly
Native extension for Lumin target not found
Native extension for LinuxStandalone target not found
Native extension for OSXStandalone target not found
Refreshing native plugins compatible for Editor in 0.45 ms, found 2 plugins.
Preloading 0 native plugins for Editor in 0.00 ms.
Mono: successfully reloaded assembly
- Completed reload, in  1.201 seconds
Platform modules already initialized, skipping
Shader 'Universal Render Pipeline/Particles/Lit': fallback shader 'Universal Render Pipeline/Particles/SimpleLit' not found
Shader 'Universal Render Pipeline/Particles/Lit': fallback shader 'Universal Render Pipeline/Particles/SimpleLit' not found
Refreshing native plugins compatible for Editor in 0.43 ms, found 2 plugins.
Preloading 0 native plugins for Editor in 0.00 ms.
Unloading 2617 Unused Serialized files (Serialized files now loaded: 0)
System memory in use before: 222.5 MB.
System memory in use after: 219.8 MB.

Unloading 49 unused Assets to reduce memory usage. Loaded Objects now: 3145.
Total: 3.363297 ms (FindLiveObjects: 0.256803 ms CreateObjectMapping: 0.110063 ms MarkObjects: 1.619160 ms  DeleteObjects: 1.376518 ms)

AssetImportParameters requested are different than current active one (requested -> active):
  custom:video-decoder-ogg-theora: a1e56fd34408186e4bbccfd4996cb3dc -> 
  custom:container-muxer-webm: aa71ff27fc2769a1b78a27578f13a17b -> 
  custom:container-demuxer-webm: 4f35f7cbe854078d1ac9338744f61a02 -> 
  custom:container-demuxer-ogg: 62fdf1f143b41e24485cea50d1cbac27 -> 
  custom:video-encoder-webm-vp8: eb34c28f22e8b96e1ab97ce403110664 -> 
  custom:framework-osx-AVFoundation: e770b220cccbd017edd2c1fefb359320 -> 
  custom:video-decoder-webm-vp8: 9c59270c3fd7afecdb556c50c9e8de78 -> 
  custom:audio-decoder-ogg-vorbis: bf7c407c2cedff20999df2af8eb42d56 -> 
  custom:audio-encoder-webm-vorbis: bf7c407c2cedff20999df2af8eb42d56 -> 
