Using pre-set license

 COMMAND LINE ARGUMENTS:
/Applications/Unity/Hub/Editor/2020.3.12f1/Unity.app/Contents/MacOS/Unity
-adb2
-batchMode
-noUpm
-name
AssetImportWorker0
-projectPath
/Users/sai-ithw/Documents/VinhHuynh/Referrences/Org_EndlessRunner
-logFile
Logs/AssetImportWorker0.log
-srvPort
58972
Successfully changed project path to: /Users/sai-ithw/Documents/VinhHuynh/Referrences/Org_EndlessRunner
/Users/sai-ithw/Documents/VinhHuynh/Referrences/Org_EndlessRunner
Using Asset Import Pipeline V2.
Refreshing native plugins compatible for Editor in 71.85 ms, found 2 plugins.
Preloading 0 native plugins for Editor in 0.00 ms.
Initialize engine version: 2020.3.12f1 (b3b2c6512326)
[Subsystems] Discovering subsystems at path /Applications/Unity/Hub/Editor/2020.3.12f1/Unity.app/Contents/Resources/UnitySubsystems
[Subsystems] Discovering subsystems at path /Users/sai-ithw/Documents/VinhHuynh/Referrences/Org_EndlessRunner/Assets
GfxDevice: creating device client; threaded=0
2021-10-01 21:11:25.362 Unity[29874:641181] DELL P2217H preferred device: Intel(R) UHD Graphics 630 (low power)
2021-10-01 21:11:25.362 Unity[29874:641181] Metal devices available: 1
2021-10-01 21:11:25.362 Unity[29874:641181] 0: Intel(R) UHD Graphics 630 (low power)
2021-10-01 21:11:25.362 Unity[29874:641181] Using device Intel(R) UHD Graphics 630 (low power)
Initializing Metal device caps: Intel(R) UHD Graphics 630
Initialize mono
Mono path[0] = '/Applications/Unity/Hub/Editor/2020.3.12f1/Unity.app/Contents/Managed'
Mono path[1] = '/Applications/Unity/Hub/Editor/2020.3.12f1/Unity.app/Contents/MonoBleedingEdge/lib/mono/unityjit'
Mono config path = '/Applications/Unity/Hub/Editor/2020.3.12f1/Unity.app/Contents/MonoBleedingEdge/etc'
Using monoOptions --debugger-agent=transport=dt_socket,embedding=1,server=y,suspend=n,address=127.0.0.1:56874
Begin MonoManager ReloadAssembly
Registering precompiled unity dll's ...
Register platform support module: /Applications/Unity/Hub/Editor/2020.3.12f1/Unity.app/Contents/PlaybackEngines/MacStandaloneSupport/UnityEditor.OSXStandalone.Extensions.dll
Register platform support module: /Applications/Unity/Hub/Editor/2020.3.12f1/PlaybackEngines/LinuxStandaloneSupport/UnityEditor.LinuxStandalone.Extensions.dll
Register platform support module: /Applications/Unity/Hub/Editor/2020.3.12f1/PlaybackEngines/LuminSupport/UnityEditor.Lumin.Extensions.dll
Registered in 0.004030 seconds.
Native extension for Lumin target not found
Native extension for LinuxStandalone target not found
Native extension for OSXStandalone target not found
Refreshing native plugins compatible for Editor in 60.48 ms, found 2 plugins.
Preloading 0 native plugins for Editor in 0.00 ms.
Mono: successfully reloaded assembly
- Completed reload, in  2.688 seconds
Platform modules already initialized, skipping
Registering precompiled user dll's ...
Registered in 0.011019 seconds.
Begin MonoManager ReloadAssembly
Native extension for Lumin target not found
Native extension for LinuxStandalone target not found
Native extension for OSXStandalone target not found
Refreshing native plugins compatible for Editor in 58.38 ms, found 2 plugins.
Preloading 0 native plugins for Editor in 0.00 ms.
Refreshing native plugins compatible for Editor in 0.67 ms, found 2 plugins.
Deleting Addressables data from /Users/sai-ithw/Documents/VinhHuynh/Referrences/Org_EndlessRunner/Assets/StreamingAssets/aa.
UnityEngine.StackTraceUtility:ExtractStackTrace () (at /Users/bokken/buildslave/unity/build/Runtime/Export/Scripting/StackTrace.cs:37)
UnityEngine.DebugLogHandler:LogFormat (UnityEngine.LogType,UnityEngine.Object,string,object[])
UnityEngine.Logger:Log (UnityEngine.LogType,object)
UnityEngine.Debug:Log (object)
AddressablesPlayerBuildProcessor:CleanTemporaryPlayerBuildData () (at Library/PackageCache/com.unity.addressables@1.8.4/Editor/Build/AddressablesPlayerBuildProcessor.cs:26)

(Filename: Library/PackageCache/com.unity.addressables@1.8.4/Editor/Build/AddressablesPlayerBuildProcessor.cs Line: 26)

Mono: successfully reloaded assembly
- Completed reload, in  1.426 seconds
Platform modules already initialized, skipping
========================================================================
Worker process is ready to serve import requests
Shader 'Universal Render Pipeline/Particles/Lit': fallback shader 'Universal Render Pipeline/Particles/SimpleLit' not found
Shader 'Universal Render Pipeline/Particles/Lit': fallback shader 'Universal Render Pipeline/Particles/SimpleLit' not found
Launching external process: /Applications/Unity/Hub/Editor/2020.3.12f1/Unity.app/Contents/Tools/UnityShaderCompiler
Launched and connected shader compiler UnityShaderCompiler after 0.01 seconds
Refreshing native plugins compatible for Editor in 0.67 ms, found 2 plugins.
Preloading 0 native plugins for Editor in 0.00 ms.
Unloading 3421 Unused Serialized files (Serialized files now loaded: 0)
System memory in use before: 237.3 MB.
System memory in use after: 234.6 MB.

Unloading 79 unused Assets to reduce memory usage. Loaded Objects now: 3806.
Total: 3.682235 ms (FindLiveObjects: 0.307651 ms CreateObjectMapping: 0.160445 ms MarkObjects: 1.895158 ms  DeleteObjects: 1.318144 ms)

AssetImportParameters requested are different than current active one (requested -> active):
  custom:video-decoder-ogg-theora: a1e56fd34408186e4bbccfd4996cb3dc -> 
  custom:container-muxer-webm: aa71ff27fc2769a1b78a27578f13a17b -> 
  custom:container-demuxer-webm: 4f35f7cbe854078d1ac9338744f61a02 -> 
  custom:container-demuxer-ogg: 62fdf1f143b41e24485cea50d1cbac27 -> 
  custom:video-encoder-webm-vp8: eb34c28f22e8b96e1ab97ce403110664 -> 
  custom:framework-osx-AVFoundation: e770b220cccbd017edd2c1fefb359320 -> 
  custom:video-decoder-webm-vp8: 9c59270c3fd7afecdb556c50c9e8de78 -> 
  custom:audio-decoder-ogg-vorbis: bf7c407c2cedff20999df2af8eb42d56 -> 
  custom:audio-encoder-webm-vorbis: bf7c407c2cedff20999df2af8eb42d56 -> 
========================================================================
Received Import Request.
  path: Assets/Tutorial/LeftRight
  artifactKey: Guid(dd9f15dcc16d676498ada71528b99ef4) Importer(815301076,1909f56bfc062723c751e8b465ee728b)
Start importing Assets/Tutorial/LeftRight using Guid(dd9f15dcc16d676498ada71528b99ef4) Importer(815301076,1909f56bfc062723c751e8b465ee728b)  -> (artifact id: '3755eb97dd80de8266d6ef6dda04eb06') in 0.004303 seconds 
  Import took 0.011144 seconds .

========================================================================
Received Import Request.
  Time since last request: 0.000208 seconds.
  path: Assets/Tutorial/Down
  artifactKey: Guid(404268f1b22c99c4faf08ae72fb580be) Importer(815301076,1909f56bfc062723c751e8b465ee728b)
Start importing Assets/Tutorial/Down using Guid(404268f1b22c99c4faf08ae72fb580be) Importer(815301076,1909f56bfc062723c751e8b465ee728b)  -> (artifact id: 'e24dccab28667be72a023dbb9e158aa0') in 0.000911 seconds 
  Import took 0.004787 seconds .

========================================================================
Received Import Request.
  Time since last request: 0.000251 seconds.
  path: Assets/Tutorial/Up
  artifactKey: Guid(e7f35616b4334f445aa9ca49f10b670b) Importer(815301076,1909f56bfc062723c751e8b465ee728b)
Start importing Assets/Tutorial/Up using Guid(e7f35616b4334f445aa9ca49f10b670b) Importer(815301076,1909f56bfc062723c751e8b465ee728b)  -> (artifact id: '628e039eced8eb3578eb262d96005f48') in 0.000773 seconds 
  Import took 0.006728 seconds .

========================================================================
Received Import Request.
  Time since last request: 0.000256 seconds.
  path: Assets/Tutorial/Tutorial.asset
  artifactKey: Guid(d2594127ff496284399060a56ff8ad68) Importer(815301076,1909f56bfc062723c751e8b465ee728b)
Start importing Assets/Tutorial/Tutorial.asset using Guid(d2594127ff496284399060a56ff8ad68) Importer(815301076,1909f56bfc062723c751e8b465ee728b)  -> (artifact id: '712190618d56e70a7273a40d057a7577') in 0.363773 seconds 
  Import took 0.370412 seconds .

========================================================================
Received Import Request.
  Time since last request: 7.275637 seconds.
  path: Assets/Tutorial
  artifactKey: Guid(38854c267b1ccfa4c9db9576055f7b15) Importer(815301076,1909f56bfc062723c751e8b465ee728b)
Start importing Assets/Tutorial using Guid(38854c267b1ccfa4c9db9576055f7b15) Importer(815301076,1909f56bfc062723c751e8b465ee728b)  -> (artifact id: 'b4f8e7e33eb76aaa46af5326b62381d0') in 0.000752 seconds 
  Import took 0.005535 seconds .

========================================================================
Received Import Request.
  Time since last request: 1.258563 seconds.
  path: Assets/TutorialInfo
  artifactKey: Guid(49110bb8dcada46328ad741970bce702) Importer(815301076,1909f56bfc062723c751e8b465ee728b)
Start importing Assets/TutorialInfo using Guid(49110bb8dcada46328ad741970bce702) Importer(815301076,1909f56bfc062723c751e8b465ee728b)  -> (artifact id: 'de5a30219286eb2a872f2f84d66d9616') in 0.000819 seconds 
  Import took 0.006042 seconds .

========================================================================
Received Import Request.
  Time since last request: 0.771793 seconds.
  path: Assets/UI
  artifactKey: Guid(d4537a1d7a7f6664e9522528d7e92a8d) Importer(815301076,1909f56bfc062723c751e8b465ee728b)
Start importing Assets/UI using Guid(d4537a1d7a7f6664e9522528d7e92a8d) Importer(815301076,1909f56bfc062723c751e8b465ee728b)  -> (artifact id: 'd797ca0c6b196fdbd2ae4bf2bc19553c') in 0.000962 seconds 
  Import took 0.006895 seconds .

========================================================================
Received Import Request.
  Time since last request: 1.504483 seconds.
  path: Assets/Textures
  artifactKey: Guid(7d962a5370fda194e926e10981428816) Importer(815301076,1909f56bfc062723c751e8b465ee728b)
Start importing Assets/Textures using Guid(7d962a5370fda194e926e10981428816) Importer(815301076,1909f56bfc062723c751e8b465ee728b)  -> (artifact id: '410d1404274fd7894c2ca3be656bdb58') in 0.000948 seconds 
  Import took 0.005556 seconds .

========================================================================
Received Import Request.
  Time since last request: 0.013298 seconds.
  path: Assets/Textures
  artifactKey: Guid(7d962a5370fda194e926e10981428816) Importer(815301076,1909f56bfc062723c751e8b465ee728b)
Start importing Assets/Textures using Guid(7d962a5370fda194e926e10981428816) Importer(815301076,1909f56bfc062723c751e8b465ee728b)  -> (artifact id: '410d1404274fd7894c2ca3be656bdb58') in 0.000705 seconds 
  Import took 0.005504 seconds .

========================================================================
Received Import Request.
  Time since last request: 0.141622 seconds.
  path: Assets/StreamingAssets
  artifactKey: Guid(296dee99b537a4b7ebc61e43d4645d63) Importer(815301076,1909f56bfc062723c751e8b465ee728b)
Start importing Assets/StreamingAssets using Guid(296dee99b537a4b7ebc61e43d4645d63) Importer(815301076,1909f56bfc062723c751e8b465ee728b)  -> (artifact id: '84526523bc3c3060902de90a23cdcc3e') in 0.000919 seconds 
  Import took 0.006049 seconds .

========================================================================
Received Import Request.
  Time since last request: 0.012863 seconds.
  path: Assets/StreamingAssets
  artifactKey: Guid(296dee99b537a4b7ebc61e43d4645d63) Importer(815301076,1909f56bfc062723c751e8b465ee728b)
Start importing Assets/StreamingAssets using Guid(296dee99b537a4b7ebc61e43d4645d63) Importer(815301076,1909f56bfc062723c751e8b465ee728b)  -> (artifact id: '84526523bc3c3060902de90a23cdcc3e') in 0.000735 seconds 
  Import took 0.005071 seconds .

========================================================================
Received Import Request.
  Time since last request: 0.218644 seconds.
  path: Assets/Sounds
  artifactKey: Guid(a95010290eb1ec44695d932d452547e7) Importer(815301076,1909f56bfc062723c751e8b465ee728b)
Start importing Assets/Sounds using Guid(a95010290eb1ec44695d932d452547e7) Importer(815301076,1909f56bfc062723c751e8b465ee728b)  -> (artifact id: 'e9c0808bf81d7f729d9e901fba31bbf6') in 0.000885 seconds 
  Import took 0.005166 seconds .

========================================================================
Received Import Request.
  Time since last request: 0.217145 seconds.
  path: Assets/Shaders
  artifactKey: Guid(c35e50dcdb8bfdd4e8f6a9e73f746f5f) Importer(815301076,1909f56bfc062723c751e8b465ee728b)
Start importing Assets/Shaders using Guid(c35e50dcdb8bfdd4e8f6a9e73f746f5f) Importer(815301076,1909f56bfc062723c751e8b465ee728b)  -> (artifact id: '57b35758a98cdcfd127e1f1ddb571bc2') in 0.001003 seconds 
  Import took 0.005660 seconds .

========================================================================
Received Import Request.
  Time since last request: 0.187084 seconds.
  path: Assets/Settings
  artifactKey: Guid(0735c275001a2c84dafdb30deced5d8d) Importer(815301076,1909f56bfc062723c751e8b465ee728b)
Start importing Assets/Settings using Guid(0735c275001a2c84dafdb30deced5d8d) Importer(815301076,1909f56bfc062723c751e8b465ee728b)  -> (artifact id: 'cadd7ca10b5bf32e886eec457cf073a7') in 0.001034 seconds 
  Import took 0.006443 seconds .

========================================================================
Received Import Request.
  Time since last request: 0.000698 seconds.
  path: Assets/Settings
  artifactKey: Guid(0735c275001a2c84dafdb30deced5d8d) Importer(815301076,1909f56bfc062723c751e8b465ee728b)
Start importing Assets/Settings using Guid(0735c275001a2c84dafdb30deced5d8d) Importer(815301076,1909f56bfc062723c751e8b465ee728b)  -> (artifact id: 'cadd7ca10b5bf32e886eec457cf073a7') in 0.000914 seconds 
  Import took 0.004713 seconds .

========================================================================
Received Import Request.
  Time since last request: 0.206286 seconds.
  path: Assets/Scripts
  artifactKey: Guid(02a3527b6b33a924e8ec66aa805ea717) Importer(815301076,1909f56bfc062723c751e8b465ee728b)
Start importing Assets/Scripts using Guid(02a3527b6b33a924e8ec66aa805ea717) Importer(815301076,1909f56bfc062723c751e8b465ee728b)  -> (artifact id: 'f0a913a0049096cde5d6a727232f232f') in 0.000996 seconds 
  Import took 0.005350 seconds .

========================================================================
Received Import Request.
  Time since last request: 0.022252 seconds.
  path: Assets/Scripts
  artifactKey: Guid(02a3527b6b33a924e8ec66aa805ea717) Importer(815301076,1909f56bfc062723c751e8b465ee728b)
Start importing Assets/Scripts using Guid(02a3527b6b33a924e8ec66aa805ea717) Importer(815301076,1909f56bfc062723c751e8b465ee728b)  -> (artifact id: 'f0a913a0049096cde5d6a727232f232f') in 0.000684 seconds 
  Import took 0.004849 seconds .

========================================================================
Received Import Request.
  Time since last request: 0.267941 seconds.
  path: Assets/Scenes
  artifactKey: Guid(88f7f2583b5124ed3b9d7311a984f12e) Importer(815301076,1909f56bfc062723c751e8b465ee728b)
Start importing Assets/Scenes using Guid(88f7f2583b5124ed3b9d7311a984f12e) Importer(815301076,1909f56bfc062723c751e8b465ee728b)  -> (artifact id: '77ef2da3547c53dcc8d184c3ba485387') in 0.000908 seconds 
  Import took 0.005699 seconds .

========================================================================
Received Import Request.
  Time since last request: 0.012480 seconds.
  path: Assets/Scenes
  artifactKey: Guid(88f7f2583b5124ed3b9d7311a984f12e) Importer(815301076,1909f56bfc062723c751e8b465ee728b)
Start importing Assets/Scenes using Guid(88f7f2583b5124ed3b9d7311a984f12e) Importer(815301076,1909f56bfc062723c751e8b465ee728b)  -> (artifact id: '77ef2da3547c53dcc8d184c3ba485387') in 0.000669 seconds 
  Import took 0.004721 seconds .

========================================================================
Received Import Request.
  Time since last request: 0.195181 seconds.
  path: Assets/Resources
  artifactKey: Guid(1e34d624bcfa23849b57436163a7e73f) Importer(815301076,1909f56bfc062723c751e8b465ee728b)
Start importing Assets/Resources using Guid(1e34d624bcfa23849b57436163a7e73f) Importer(815301076,1909f56bfc062723c751e8b465ee728b)  -> (artifact id: '44a2ffa6a5d983e9469525fc900a1b5a') in 0.000966 seconds 
  Import took 0.005553 seconds .

========================================================================
Received Import Request.
  Time since last request: 0.019076 seconds.
  path: Assets/Resources
  artifactKey: Guid(1e34d624bcfa23849b57436163a7e73f) Importer(815301076,1909f56bfc062723c751e8b465ee728b)
Start importing Assets/Resources using Guid(1e34d624bcfa23849b57436163a7e73f) Importer(815301076,1909f56bfc062723c751e8b465ee728b)  -> (artifact id: '44a2ffa6a5d983e9469525fc900a1b5a') in 0.000695 seconds 
  Import took 0.004825 seconds .

========================================================================
Received Import Request.
  Time since last request: 2.209175 seconds.
  path: Assets/Presets
  artifactKey: Guid(558255460b74ec04fa70b5570e9327bd) Importer(815301076,1909f56bfc062723c751e8b465ee728b)
Start importing Assets/Presets using Guid(558255460b74ec04fa70b5570e9327bd) Importer(815301076,1909f56bfc062723c751e8b465ee728b)  -> (artifact id: 'e1966229f3d7993f283b578bcf544b58') in 0.000791 seconds 
  Import took 0.006036 seconds .

========================================================================
Received Import Request.
  Time since last request: 0.012772 seconds.
  path: Assets/Presets
  artifactKey: Guid(558255460b74ec04fa70b5570e9327bd) Importer(815301076,1909f56bfc062723c751e8b465ee728b)
Start importing Assets/Presets using Guid(558255460b74ec04fa70b5570e9327bd) Importer(815301076,1909f56bfc062723c751e8b465ee728b)  -> (artifact id: 'e1966229f3d7993f283b578bcf544b58') in 0.001119 seconds 
  Import took 0.006731 seconds .

========================================================================
Received Import Request.
  Time since last request: 0.394848 seconds.
  path: Assets/Prefabs
  artifactKey: Guid(a577de58f913b054789f00dc050250a3) Importer(815301076,1909f56bfc062723c751e8b465ee728b)
Start importing Assets/Prefabs using Guid(a577de58f913b054789f00dc050250a3) Importer(815301076,1909f56bfc062723c751e8b465ee728b)  -> (artifact id: 'f4a9d2d9d0f4ba1d5c9c83e95b98be74') in 0.000957 seconds 
  Import took 0.006494 seconds .

========================================================================
Received Import Request.
  Time since last request: 0.000821 seconds.
  path: Assets/Prefabs
  artifactKey: Guid(a577de58f913b054789f00dc050250a3) Importer(815301076,1909f56bfc062723c751e8b465ee728b)
Start importing Assets/Prefabs using Guid(a577de58f913b054789f00dc050250a3) Importer(815301076,1909f56bfc062723c751e8b465ee728b)  -> (artifact id: 'f4a9d2d9d0f4ba1d5c9c83e95b98be74') in 0.000810 seconds 
  Import took 0.004752 seconds .

========================================================================
Received Import Request.
  Time since last request: 0.983018 seconds.
  path: Assets/Models
  artifactKey: Guid(93a0bf8c2a2823e43be6d58b20a1d607) Importer(815301076,1909f56bfc062723c751e8b465ee728b)
Start importing Assets/Models using Guid(93a0bf8c2a2823e43be6d58b20a1d607) Importer(815301076,1909f56bfc062723c751e8b465ee728b)  -> (artifact id: '0db7c12d65cc25062df5e7cbe06e40de') in 0.000977 seconds 
  Import took 0.006466 seconds .

========================================================================
Received Import Request.
  Time since last request: 0.000889 seconds.
  path: Assets/Models
  artifactKey: Guid(93a0bf8c2a2823e43be6d58b20a1d607) Importer(815301076,1909f56bfc062723c751e8b465ee728b)
Start importing Assets/Models using Guid(93a0bf8c2a2823e43be6d58b20a1d607) Importer(815301076,1909f56bfc062723c751e8b465ee728b)  -> (artifact id: '0db7c12d65cc25062df5e7cbe06e40de') in 0.000964 seconds 
  Import took 0.005185 seconds .

========================================================================
Received Import Request.
  Time since last request: 0.451083 seconds.
  path: Assets/Materials
  artifactKey: Guid(d0234ba368eeec9418390da711bfdad0) Importer(815301076,1909f56bfc062723c751e8b465ee728b)
Start importing Assets/Materials using Guid(d0234ba368eeec9418390da711bfdad0) Importer(815301076,1909f56bfc062723c751e8b465ee728b)  -> (artifact id: 'dd1fccef896d48891410691dfde716e5') in 0.001033 seconds 
  Import took 0.006423 seconds .

========================================================================
Received Import Request.
  Time since last request: 0.324638 seconds.
  path: Assets/Link.xml
  artifactKey: Guid(fc51a672be47e0c43aa6b2f54fbee706) Importer(815301076,1909f56bfc062723c751e8b465ee728b)
Start importing Assets/Link.xml using Guid(fc51a672be47e0c43aa6b2f54fbee706) Importer(815301076,1909f56bfc062723c751e8b465ee728b)  -> (artifact id: '828b0be5cb491227b407b1cdfe101c2f') in 1.394895 seconds 
  Import took 1.400623 seconds .

========================================================================
Received Import Request.
  Time since last request: 0.000251 seconds.
  path: Assets/Font
  artifactKey: Guid(87016ae238b7d8a4a9d3f8ce1a13b0f4) Importer(815301076,1909f56bfc062723c751e8b465ee728b)
Start importing Assets/Font using Guid(87016ae238b7d8a4a9d3f8ce1a13b0f4) Importer(815301076,1909f56bfc062723c751e8b465ee728b)  -> (artifact id: 'f64330389a799071c747a11cfeca11ee') in 0.000719 seconds 
  Import took 0.004694 seconds .

========================================================================
Received Import Request.
  Time since last request: 0.000173 seconds.
  path: Assets/INSTRUCTIONS.txt
  artifactKey: Guid(866745d84419a4c4aa6f1e1fb17aaafd) Importer(815301076,1909f56bfc062723c751e8b465ee728b)
Start importing Assets/INSTRUCTIONS.txt using Guid(866745d84419a4c4aa6f1e1fb17aaafd) Importer(815301076,1909f56bfc062723c751e8b465ee728b)  -> (artifact id: 'ce11ba895471683ce4d420f6242cba54') in 2.533922 seconds 
  Import took 2.538524 seconds .

========================================================================
Received Import Request.
  Time since last request: 0.000171 seconds.
  path: Assets/AddressableAssetsData
  artifactKey: Guid(d77ac31e3128df240bf2aacf996db393) Importer(815301076,1909f56bfc062723c751e8b465ee728b)
Start importing Assets/AddressableAssetsData using Guid(d77ac31e3128df240bf2aacf996db393) Importer(815301076,1909f56bfc062723c751e8b465ee728b)  -> (artifact id: '1cacdae577f2d7f2fb6c3ce95dd7da4b') in 0.000728 seconds 
  Import took 0.004414 seconds .

========================================================================
Received Import Request.
  Time since last request: 0.000175 seconds.
  path: Assets/Bundles
  artifactKey: Guid(19b77fce02c085d4ba81ff7fa2e69b0e) Importer(815301076,1909f56bfc062723c751e8b465ee728b)
Start importing Assets/Bundles using Guid(19b77fce02c085d4ba81ff7fa2e69b0e) Importer(815301076,1909f56bfc062723c751e8b465ee728b)  -> (artifact id: 'b967ec673c7f5ea011908975beb30dff') in 0.000968 seconds 
  Import took 0.005276 seconds .

========================================================================
Received Import Request.
  Time since last request: 0.000178 seconds.
  path: Assets/ExampleAssets
  artifactKey: Guid(990f5c2df70993f4987a388ca178996a) Importer(815301076,1909f56bfc062723c751e8b465ee728b)
Start importing Assets/ExampleAssets using Guid(990f5c2df70993f4987a388ca178996a) Importer(815301076,1909f56bfc062723c751e8b465ee728b)  -> (artifact id: 'd5ac45704b3e904ca5b19a6457cc79ac') in 0.001166 seconds 
  Import took 0.006656 seconds .

========================================================================
Received Import Request.
  Time since last request: 0.000215 seconds.
  path: Assets/Editor
  artifactKey: Guid(ed67b73e52ed98e4a939e90a69adfe3b) Importer(815301076,1909f56bfc062723c751e8b465ee728b)
Start importing Assets/Editor using Guid(ed67b73e52ed98e4a939e90a69adfe3b) Importer(815301076,1909f56bfc062723c751e8b465ee728b)  -> (artifact id: '8d911ffadea2752f7da879f65645816a') in 0.000728 seconds 
  Import took 0.004993 seconds .

========================================================================
Received Import Request.
  Time since last request: 0.000166 seconds.
  path: Assets/Animation
  artifactKey: Guid(a49827f6c32e1094cba504319a3dddff) Importer(815301076,1909f56bfc062723c751e8b465ee728b)
Start importing Assets/Animation using Guid(a49827f6c32e1094cba504319a3dddff) Importer(815301076,1909f56bfc062723c751e8b465ee728b)  -> (artifact id: '618a27dc655a90a88a2d9493976cb165') in 0.000626 seconds 
  Import took 0.004168 seconds .

========================================================================
Received Import Request.
  Time since last request: 0.000141 seconds.
  path: Assets/EndlessRunner_Third-PartyNotice.txt
  artifactKey: Guid(a12df369e0d571146987ada119f94ea6) Importer(815301076,1909f56bfc062723c751e8b465ee728b)
Start importing Assets/EndlessRunner_Third-PartyNotice.txt using Guid(a12df369e0d571146987ada119f94ea6) Importer(815301076,1909f56bfc062723c751e8b465ee728b)  -> (artifact id: 'b08c4560ea41cb8713c53250aec59aea') in 0.002619 seconds 
  Import took 0.007441 seconds .

