Using pre-set license

 COMMAND LINE ARGUMENTS:
/Applications/Unity/Hub/Editor/2020.3.1f1/Unity.app/Contents/MacOS/Unity
-adb2
-batchMode
-noUpm
-name
AssetImportWorker0
-projectPath
/Users/sai-ithw/Documents/VinhHuynh/Referrences/MLAPI-Examples-master_2
-logFile
Logs/AssetImportWorker0.log
-srvPort
50081
Successfully changed project path to: /Users/sai-ithw/Documents/VinhHuynh/Referrences/MLAPI-Examples-master_2
/Users/sai-ithw/Documents/VinhHuynh/Referrences/MLAPI-Examples-master_2
Using Asset Import Pipeline V2.
Refreshing native plugins compatible for Editor in 27.52 ms, found 1 plugins.
Preloading 0 native plugins for Editor in 0.00 ms.
Initialize engine version: 2020.3.1f1 (77a89f25062f)
[Subsystems] Discovering subsystems at path /Applications/Unity/Hub/Editor/2020.3.1f1/Unity.app/Contents/Resources/UnitySubsystems
[Subsystems] Discovering subsystems at path /Users/sai-ithw/Documents/VinhHuynh/Referrences/MLAPI-Examples-master_2/Assets
GfxDevice: creating device client; threaded=0
2021-06-14 09:05:05.900 Unity[3210:46805] DELL P2217H preferred device: Intel(R) UHD Graphics 630 (low power)
2021-06-14 09:05:05.901 Unity[3210:46805] Metal devices available: 1
2021-06-14 09:05:05.901 Unity[3210:46805] 0: Intel(R) UHD Graphics 630 (low power)
2021-06-14 09:05:05.901 Unity[3210:46805] Using device Intel(R) UHD Graphics 630 (low power)
Initializing Metal device caps: Intel(R) UHD Graphics 630
Initialize mono
Mono path[0] = '/Applications/Unity/Hub/Editor/2020.3.1f1/Unity.app/Contents/Managed'
Mono path[1] = '/Applications/Unity/Hub/Editor/2020.3.1f1/Unity.app/Contents/MonoBleedingEdge/lib/mono/unityjit'
Mono config path = '/Applications/Unity/Hub/Editor/2020.3.1f1/Unity.app/Contents/MonoBleedingEdge/etc'
Using monoOptions --debugger-agent=transport=dt_socket,embedding=1,server=y,suspend=n,address=127.0.0.1:56210
Begin MonoManager ReloadAssembly
Registering precompiled unity dll's ...
Register platform support module: /Applications/Unity/Hub/Editor/2020.3.1f1/Unity.app/Contents/PlaybackEngines/MacStandaloneSupport/UnityEditor.OSXStandalone.Extensions.dll
Registered in 0.000446 seconds.
Native extension for OSXStandalone target not found
Refreshing native plugins compatible for Editor in 26.72 ms, found 1 plugins.
Preloading 0 native plugins for Editor in 0.00 ms.
Invoked RoslynAnalysisRunner static constructor.
RoslynAnalysisRunner will not be running.
RoslynAnalysisRunner has terminated.
Mono: successfully reloaded assembly
- Completed reload, in  2.010 seconds
Platform modules already initialized, skipping
Registering precompiled user dll's ...
Registered in 0.000996 seconds.
Begin MonoManager ReloadAssembly
Native extension for OSXStandalone target not found
Refreshing native plugins compatible for Editor in 0.35 ms, found 1 plugins.
Preloading 0 native plugins for Editor in 0.00 ms.
Invoked RoslynAnalysisRunner static constructor.
RoslynAnalysisRunner will not be running.
RoslynAnalysisRunner has terminated.
Mono: successfully reloaded assembly
- Completed reload, in  0.899 seconds
Platform modules already initialized, skipping
========================================================================
Worker process is ready to serve import requests
Launching external process: /Applications/Unity/Hub/Editor/2020.3.1f1/Unity.app/Contents/Tools/UnityShaderCompiler
Launched and connected shader compiler UnityShaderCompiler after 0.01 seconds
Refreshing native plugins compatible for Editor in 0.33 ms, found 1 plugins.
Preloading 0 native plugins for Editor in 0.00 ms.
Unloading 1474 Unused Serialized files (Serialized files now loaded: 0)
System memory in use before: 123.4 MB.
System memory in use after: 123.5 MB.

Unloading 35 unused Assets to reduce memory usage. Loaded Objects now: 1909.
Total: 2.958288 ms (FindLiveObjects: 0.501025 ms CreateObjectMapping: 0.178725 ms MarkObjects: 2.208630 ms  DeleteObjects: 0.067323 ms)

========================================================================
Received Import Request.
  path: Assets/DemoMLAPI/Sphere.prefab
  artifactKey: Guid(02e37f97df7ed8d459e06fd7c4e9e5df) Importer(815301076,1909f56bfc062723c751e8b465ee728b)
Start importing Assets/DemoMLAPI/Sphere.prefab using Guid(02e37f97df7ed8d459e06fd7c4e9e5df) Importer(815301076,1909f56bfc062723c751e8b465ee728b)  -> (artifact id: '48d24d7c8983a35c7cb60f6da994da0d') in 0.518886 seconds
  Import took 0.521663 seconds .

========================================================================
Received Import Request.
  Time since last request: 0.000180 seconds.
  path: Assets/DemoMLAPI/ThirdPersonController.prefab
  artifactKey: Guid(e76e7324100b55b4884126b83418ebab) Importer(815301076,1909f56bfc062723c751e8b465ee728b)
Start importing Assets/DemoMLAPI/ThirdPersonController.prefab using Guid(e76e7324100b55b4884126b83418ebab) Importer(815301076,1909f56bfc062723c751e8b465ee728b)  -> (artifact id: '2ce17d6fee1a549911329cd3f133afb0') in 0.530915 seconds
  Import took 0.535922 seconds .

========================================================================
Received Import Request.
  Time since last request: 0.000163 seconds.
  path: Assets/DemoMLAPI/Cube.prefab
  artifactKey: Guid(03a297f61fe3ef344989473054d7a493) Importer(815301076,1909f56bfc062723c751e8b465ee728b)
Start importing Assets/DemoMLAPI/Cube.prefab using Guid(03a297f61fe3ef344989473054d7a493) Importer(815301076,1909f56bfc062723c751e8b465ee728b)  -> (artifact id: '33ff5dcfdbdf9080d0e39e4dc1a4f3b4') in 0.006054 seconds
  Import took 0.007964 seconds .

========================================================================
Received Import Request.
  Time since last request: 0.000153 seconds.
  path: Assets/DemoMLAPI/Friction.physicMaterial
  artifactKey: Guid(96f8ee953b5660d45a3c92595a37d2e4) Importer(815301076,1909f56bfc062723c751e8b465ee728b)
Start importing Assets/DemoMLAPI/Friction.physicMaterial using Guid(96f8ee953b5660d45a3c92595a37d2e4) Importer(815301076,1909f56bfc062723c751e8b465ee728b)  -> (artifact id: '0ea0fcf91e8996a2db1ad8b7c68cbb7e') in 0.125636 seconds
  Import took 0.127378 seconds .

========================================================================
Received Import Request.
  Time since last request: 0.000168 seconds.
  path: Assets/DemoMLAPI/NetworkManager.prefab
  artifactKey: Guid(117649d0d14efd6488ff9a6ca6a073a8) Importer(815301076,1909f56bfc062723c751e8b465ee728b)
Start importing Assets/DemoMLAPI/NetworkManager.prefab using Guid(117649d0d14efd6488ff9a6ca6a073a8) Importer(815301076,1909f56bfc062723c751e8b465ee728b)  -> (artifact id: 'd325db82160f27be57612e75d7735974') in 0.047682 seconds
  Import took 0.049695 seconds .

========================================================================
Received Import Request.
  Time since last request: 0.000189 seconds.
  path: Assets/DemoMLAPI/MenuScene.unity
  artifactKey: Guid(28dbebe693232354c9c01f31c4f4588d) Importer(815301076,1909f56bfc062723c751e8b465ee728b)
Start importing Assets/DemoMLAPI/MenuScene.unity using Guid(28dbebe693232354c9c01f31c4f4588d) Importer(815301076,1909f56bfc062723c751e8b465ee728b)  -> (artifact id: '39042697cdd6f116a7fd9cdb228107ce') in 0.000937 seconds
  Import took 0.002545 seconds .

========================================================================
Received Prepare
Registering precompiled user dll's ...
Registered in 0.000939 seconds.
Begin MonoManager ReloadAssembly
Native extension for OSXStandalone target not found
Refreshing native plugins compatible for Editor in 0.34 ms, found 1 plugins.
Preloading 0 native plugins for Editor in 0.00 ms.
Invoked RoslynAnalysisRunner static constructor.
RoslynAnalysisRunner will not be running.
RoslynAnalysisRunner has terminated.
Mono: successfully reloaded assembly
- Completed reload, in  0.818 seconds
Platform modules already initialized, skipping
Refreshing native plugins compatible for Editor in 0.32 ms, found 1 plugins.
Preloading 0 native plugins for Editor in 0.00 ms.
Unloading 1468 Unused Serialized files (Serialized files now loaded: 0)
System memory in use before: 136.6 MB.
System memory in use after: 136.7 MB.

Unloading 27 unused Assets to reduce memory usage. Loaded Objects now: 1924.
Total: 2.364649 ms (FindLiveObjects: 0.236751 ms CreateObjectMapping: 0.072523 ms MarkObjects: 2.029269 ms  DeleteObjects: 0.024425 ms)

AssetImportWorkerClient::OnTransportError - code=2 error=End of file
