Using pre-set license

 COMMAND LINE ARGUMENTS:
/Applications/Unity/Hub/Editor/2020.3.1f1/Unity.app/Contents/MacOS/Unity
-adb2
-batchMode
-noUpm
-name
AssetImportWorker0
-projectPath
/Users/sai-ithw/Documents/VinhHuynh/Referrences/MLAPI-Examples-master_2
-logFile
Logs/AssetImportWorker0.log
-srvPort
56949
Successfully changed project path to: /Users/sai-ithw/Documents/VinhHuynh/Referrences/MLAPI-Examples-master_2
/Users/sai-ithw/Documents/VinhHuynh/Referrences/MLAPI-Examples-master_2
Using Asset Import Pipeline V2.
Refreshing native plugins compatible for Editor in 30.02 ms, found 1 plugins.
Preloading 0 native plugins for Editor in 0.00 ms.
Initialize engine version: 2020.3.1f1 (77a89f25062f)
[Subsystems] Discovering subsystems at path /Applications/Unity/Hub/Editor/2020.3.1f1/Unity.app/Contents/Resources/UnitySubsystems
[Subsystems] Discovering subsystems at path /Users/sai-ithw/Documents/VinhHuynh/Referrences/MLAPI-Examples-master_2/Assets
GfxDevice: creating device client; threaded=0
2021-06-15 21:21:23.301 Unity[26327:525581] DELL P2217H preferred device: Intel(R) UHD Graphics 630 (low power)
2021-06-15 21:21:23.301 Unity[26327:525581] Metal devices available: 1
2021-06-15 21:21:23.301 Unity[26327:525581] 0: Intel(R) UHD Graphics 630 (low power)
2021-06-15 21:21:23.317 Unity[26327:525581] Using device Intel(R) UHD Graphics 630 (low power)
Initializing Metal device caps: Intel(R) UHD Graphics 630
Initialize mono
Mono path[0] = '/Applications/Unity/Hub/Editor/2020.3.1f1/Unity.app/Contents/Managed'
Mono path[1] = '/Applications/Unity/Hub/Editor/2020.3.1f1/Unity.app/Contents/MonoBleedingEdge/lib/mono/unityjit'
Mono config path = '/Applications/Unity/Hub/Editor/2020.3.1f1/Unity.app/Contents/MonoBleedingEdge/etc'
Using monoOptions --debugger-agent=transport=dt_socket,embedding=1,server=y,suspend=n,address=127.0.0.1:56327
Begin MonoManager ReloadAssembly
Registering precompiled unity dll's ...
Register platform support module: /Applications/Unity/Hub/Editor/2020.3.1f1/Unity.app/Contents/PlaybackEngines/MacStandaloneSupport/UnityEditor.OSXStandalone.Extensions.dll
Registered in 0.000438 seconds.
Native extension for OSXStandalone target not found
Refreshing native plugins compatible for Editor in 26.24 ms, found 1 plugins.
Preloading 0 native plugins for Editor in 0.00 ms.
Invoked RoslynAnalysisRunner static constructor.
RoslynAnalysisRunner will not be running.
RoslynAnalysisRunner has terminated.
Mono: successfully reloaded assembly
- Completed reload, in  2.125 seconds
Platform modules already initialized, skipping
Registering precompiled user dll's ...
Registered in 0.000976 seconds.
Begin MonoManager ReloadAssembly
Native extension for OSXStandalone target not found
Refreshing native plugins compatible for Editor in 0.35 ms, found 1 plugins.
Preloading 0 native plugins for Editor in 0.00 ms.
Invoked RoslynAnalysisRunner static constructor.
RoslynAnalysisRunner will not be running.
RoslynAnalysisRunner has terminated.
Mono: successfully reloaded assembly
- Completed reload, in  0.954 seconds
Platform modules already initialized, skipping
========================================================================
Worker process is ready to serve import requests
Launching external process: /Applications/Unity/Hub/Editor/2020.3.1f1/Unity.app/Contents/Tools/UnityShaderCompiler
Launched and connected shader compiler UnityShaderCompiler after 0.01 seconds
Refreshing native plugins compatible for Editor in 0.51 ms, found 1 plugins.
Preloading 0 native plugins for Editor in 0.00 ms.
Unloading 1474 Unused Serialized files (Serialized files now loaded: 0)
System memory in use before: 124.1 MB.
System memory in use after: 124.1 MB.

Unloading 35 unused Assets to reduce memory usage. Loaded Objects now: 1911.
Total: 2.550958 ms (FindLiveObjects: 0.245385 ms CreateObjectMapping: 0.097988 ms MarkObjects: 2.127599 ms  DeleteObjects: 0.078264 ms)

========================================================================
Received Import Request.
  path: Assets/DemoMLAPI/SyncPosition.cs
  artifactKey: Guid(5d9ccecb240e5b84fadd660cc985dad7) Importer(815301076,1909f56bfc062723c751e8b465ee728b)
Start importing Assets/DemoMLAPI/SyncPosition.cs using Guid(5d9ccecb240e5b84fadd660cc985dad7) Importer(815301076,1909f56bfc062723c751e8b465ee728b)  -> (artifact id: '08136bbced411b955eb65f3d09fb42ff') in 0.379740 seconds
  Import took 0.383642 seconds .

========================================================================
Received Prepare
Refreshing native plugins compatible for Editor in 8.63 ms, found 1 plugins.
Preloading 0 native plugins for Editor in 0.00 ms.
Unloading 24 Unused Serialized files (Serialized files now loaded: 0)
System memory in use before: 99.7 MB.
System memory in use after: 99.8 MB.

Unloading 24 unused Assets to reduce memory usage. Loaded Objects now: 1911.
Total: 1.608499 ms (FindLiveObjects: 0.161994 ms CreateObjectMapping: 0.053602 ms MarkObjects: 1.379962 ms  DeleteObjects: 0.012223 ms)

========================================================================
Received Import Request.
  Time since last request: 215.677802 seconds.
  path: Assets/DemoMLAPI/MLAPI/Lib/MLAPI.dll
  artifactKey: Guid(21c7301987155c0499132f8dc0b202f5) Importer(815301076,1909f56bfc062723c751e8b465ee728b)
Start importing Assets/DemoMLAPI/MLAPI/Lib/MLAPI.dll using Guid(21c7301987155c0499132f8dc0b202f5) Importer(815301076,1909f56bfc062723c751e8b465ee728b)  -> (artifact id: 'df324475bdfe4d4d1b9dde96b9ddbac8') in 0.387536 seconds
  Import took 0.392503 seconds .

========================================================================
Received Prepare
Registering precompiled user dll's ...
Registered in 0.003174 seconds.
Begin MonoManager ReloadAssembly
Native extension for OSXStandalone target not found
Refreshing native plugins compatible for Editor in 0.35 ms, found 1 plugins.
Preloading 0 native plugins for Editor in 0.00 ms.
Invoked RoslynAnalysisRunner static constructor.
RoslynAnalysisRunner will not be running.
RoslynAnalysisRunner has terminated.
Mono: successfully reloaded assembly
- Completed reload, in  0.899 seconds
Platform modules already initialized, skipping
Refreshing native plugins compatible for Editor in 0.47 ms, found 1 plugins.
Preloading 0 native plugins for Editor in 0.00 ms.
Unloading 1468 Unused Serialized files (Serialized files now loaded: 0)
System memory in use before: 132.7 MB.
System memory in use after: 132.8 MB.

Unloading 26 unused Assets to reduce memory usage. Loaded Objects now: 1914.
Total: 1.933517 ms (FindLiveObjects: 0.225873 ms CreateObjectMapping: 0.057765 ms MarkObjects: 1.630617 ms  DeleteObjects: 0.017858 ms)

========================================================================
Received Prepare
Refreshing native plugins compatible for Editor in 2.90 ms, found 1 plugins.
Preloading 0 native plugins for Editor in 0.00 ms.
Unloading 24 Unused Serialized files (Serialized files now loaded: 0)
System memory in use before: 104.3 MB.
System memory in use after: 104.4 MB.

Unloading 24 unused Assets to reduce memory usage. Loaded Objects now: 1914.
Total: 1.504393 ms (FindLiveObjects: 0.259768 ms CreateObjectMapping: 0.035263 ms MarkObjects: 1.197366 ms  DeleteObjects: 0.010843 ms)

========================================================================
Received Prepare
Registering precompiled user dll's ...
Registered in 0.003742 seconds.
Begin MonoManager ReloadAssembly
Native extension for OSXStandalone target not found
Refreshing native plugins compatible for Editor in 0.43 ms, found 1 plugins.
Preloading 0 native plugins for Editor in 0.00 ms.
Invoked RoslynAnalysisRunner static constructor.
RoslynAnalysisRunner will not be running.
RoslynAnalysisRunner has terminated.
Mono: successfully reloaded assembly
- Completed reload, in  1.061 seconds
Platform modules already initialized, skipping
Refreshing native plugins compatible for Editor in 0.47 ms, found 1 plugins.
Preloading 0 native plugins for Editor in 0.00 ms.
Unloading 1468 Unused Serialized files (Serialized files now loaded: 0)
System memory in use before: 133.2 MB.
System memory in use after: 133.3 MB.

Unloading 26 unused Assets to reduce memory usage. Loaded Objects now: 1917.
Total: 2.067581 ms (FindLiveObjects: 0.258746 ms CreateObjectMapping: 0.097371 ms MarkObjects: 1.686077 ms  DeleteObjects: 0.023494 ms)

========================================================================
Received Prepare
Registering precompiled user dll's ...
Registered in 0.001086 seconds.
Begin MonoManager ReloadAssembly
Native extension for OSXStandalone target not found
Refreshing native plugins compatible for Editor in 0.34 ms, found 1 plugins.
Preloading 0 native plugins for Editor in 0.00 ms.
Invoked RoslynAnalysisRunner static constructor.
RoslynAnalysisRunner will not be running.
RoslynAnalysisRunner has terminated.
Mono: successfully reloaded assembly
- Completed reload, in  0.986 seconds
Platform modules already initialized, skipping
Refreshing native plugins compatible for Editor in 0.37 ms, found 1 plugins.
Preloading 0 native plugins for Editor in 0.00 ms.
Unloading 1468 Unused Serialized files (Serialized files now loaded: 0)
System memory in use before: 133.4 MB.
System memory in use after: 133.5 MB.

Unloading 26 unused Assets to reduce memory usage. Loaded Objects now: 1920.
Total: 2.316670 ms (FindLiveObjects: 0.182376 ms CreateObjectMapping: 0.046378 ms MarkObjects: 1.951284 ms  DeleteObjects: 0.131628 ms)

========================================================================
Received Prepare
Registering precompiled user dll's ...
Registered in 0.001025 seconds.
Begin MonoManager ReloadAssembly
Native extension for OSXStandalone target not found
Refreshing native plugins compatible for Editor in 0.37 ms, found 1 plugins.
Preloading 0 native plugins for Editor in 0.00 ms.
Invoked RoslynAnalysisRunner static constructor.
RoslynAnalysisRunner will not be running.
RoslynAnalysisRunner has terminated.
Mono: successfully reloaded assembly
- Completed reload, in  1.018 seconds
Platform modules already initialized, skipping
Refreshing native plugins compatible for Editor in 0.34 ms, found 1 plugins.
Preloading 0 native plugins for Editor in 0.00 ms.
Unloading 1468 Unused Serialized files (Serialized files now loaded: 0)
System memory in use before: 133.6 MB.
System memory in use after: 133.7 MB.

Unloading 26 unused Assets to reduce memory usage. Loaded Objects now: 1923.
Total: 3.549905 ms (FindLiveObjects: 0.320873 ms CreateObjectMapping: 0.190091 ms MarkObjects: 3.015839 ms  DeleteObjects: 0.021085 ms)

========================================================================
Received Prepare
Registering precompiled user dll's ...
Registered in 0.001008 seconds.
Begin MonoManager ReloadAssembly
Native extension for OSXStandalone target not found
Refreshing native plugins compatible for Editor in 0.34 ms, found 1 plugins.
Preloading 0 native plugins for Editor in 0.00 ms.
Invoked RoslynAnalysisRunner static constructor.
RoslynAnalysisRunner will not be running.
RoslynAnalysisRunner has terminated.
Mono: successfully reloaded assembly
- Completed reload, in  0.911 seconds
Platform modules already initialized, skipping
Refreshing native plugins compatible for Editor in 0.36 ms, found 1 plugins.
Preloading 0 native plugins for Editor in 0.00 ms.
Unloading 1468 Unused Serialized files (Serialized files now loaded: 0)
System memory in use before: 133.8 MB.
System memory in use after: 133.9 MB.

Unloading 26 unused Assets to reduce memory usage. Loaded Objects now: 1926.
Total: 1.880607 ms (FindLiveObjects: 0.163676 ms CreateObjectMapping: 0.044731 ms MarkObjects: 1.627763 ms  DeleteObjects: 0.042553 ms)

AssetImportWorkerClient::OnTransportError - code=2 error=End of file
