Using pre-set license

 COMMAND LINE ARGUMENTS:
/Applications/Unity/Hub/Editor/2020.3.1f1/Unity.app/Contents/MacOS/Unity
-adb2
-batchMode
-noUpm
-name
AssetImportWorker0
-projectPath
/Users/sai-ithw/Documents/VinhHuynh/Referrences/MyMultiplayer/vDemoMultiProject
-logFile
Logs/AssetImportWorker0.log
-srvPort
57100
Successfully changed project path to: /Users/sai-ithw/Documents/VinhHuynh/Referrences/MyMultiplayer/vDemoMultiProject
/Users/sai-ithw/Documents/VinhHuynh/Referrences/MyMultiplayer/vDemoMultiProject
Using Asset Import Pipeline V2.
Refreshing native plugins compatible for Editor in 23.01 ms, found 1 plugins.
Preloading 0 native plugins for Editor in 0.00 ms.
Initialize engine version: 2020.3.1f1 (77a89f25062f)
[Subsystems] Discovering subsystems at path /Applications/Unity/Hub/Editor/2020.3.1f1/Unity.app/Contents/Resources/UnitySubsystems
[Subsystems] Discovering subsystems at path /Users/sai-ithw/Documents/VinhHuynh/Referrences/MyMultiplayer/vDemoMultiProject/Assets
GfxDevice: creating device client; threaded=0
2021-06-15 21:38:34.851 Unity[26652:537834] DELL P2217H preferred device: Intel(R) UHD Graphics 630 (low power)
2021-06-15 21:38:34.851 Unity[26652:537834] Metal devices available: 1
2021-06-15 21:38:34.851 Unity[26652:537834] 0: Intel(R) UHD Graphics 630 (low power)
2021-06-15 21:38:34.852 Unity[26652:537834] Using device Intel(R) UHD Graphics 630 (low power)
Initializing Metal device caps: Intel(R) UHD Graphics 630
Initialize mono
Mono path[0] = '/Applications/Unity/Hub/Editor/2020.3.1f1/Unity.app/Contents/Managed'
Mono path[1] = '/Applications/Unity/Hub/Editor/2020.3.1f1/Unity.app/Contents/MonoBleedingEdge/lib/mono/unityjit'
Mono config path = '/Applications/Unity/Hub/Editor/2020.3.1f1/Unity.app/Contents/MonoBleedingEdge/etc'
Using monoOptions --debugger-agent=transport=dt_socket,embedding=1,server=y,suspend=n,address=127.0.0.1:56652
Begin MonoManager ReloadAssembly
Registering precompiled unity dll's ...
Register platform support module: /Applications/Unity/Hub/Editor/2020.3.1f1/Unity.app/Contents/PlaybackEngines/MacStandaloneSupport/UnityEditor.OSXStandalone.Extensions.dll
Registered in 0.000432 seconds.
Native extension for OSXStandalone target not found
Refreshing native plugins compatible for Editor in 22.19 ms, found 1 plugins.
Preloading 0 native plugins for Editor in 0.00 ms.
Invoked RoslynAnalysisRunner static constructor.
RoslynAnalysisRunner will not be running.
RoslynAnalysisRunner has terminated.
Mono: successfully reloaded assembly
- Completed reload, in  2.045 seconds
Platform modules already initialized, skipping
Registering precompiled user dll's ...
Registered in 0.001327 seconds.
Begin MonoManager ReloadAssembly
Native extension for OSXStandalone target not found
Refreshing native plugins compatible for Editor in 0.24 ms, found 1 plugins.
Preloading 0 native plugins for Editor in 0.00 ms.
Invoked RoslynAnalysisRunner static constructor.
RoslynAnalysisRunner will not be running.
RoslynAnalysisRunner has terminated.
Mono: successfully reloaded assembly
- Completed reload, in  0.895 seconds
Platform modules already initialized, skipping
========================================================================
Worker process is ready to serve import requests
Launching external process: /Applications/Unity/Hub/Editor/2020.3.1f1/Unity.app/Contents/Tools/UnityShaderCompiler
Launched and connected shader compiler UnityShaderCompiler after 0.01 seconds
Refreshing native plugins compatible for Editor in 0.24 ms, found 1 plugins.
Preloading 0 native plugins for Editor in 0.00 ms.
Unloading 1325 Unused Serialized files (Serialized files now loaded: 0)
System memory in use before: 129.5 MB.
System memory in use after: 129.5 MB.

Unloading 15 unused Assets to reduce memory usage. Loaded Objects now: 1766.
Total: 2.244247 ms (FindLiveObjects: 0.221466 ms CreateObjectMapping: 0.040518 ms MarkObjects: 1.911436 ms  DeleteObjects: 0.069512 ms)

========================================================================
Received Import Request.
  path: Assets/Scripts/Raygun.cs
  artifactKey: Guid(3e34656ebae784afca7d1f7f6dc18580) Importer(815301076,1909f56bfc062723c751e8b465ee728b)
Start importing Assets/Scripts/Raygun.cs using Guid(3e34656ebae784afca7d1f7f6dc18580) Importer(815301076,1909f56bfc062723c751e8b465ee728b)  -> (artifact id: '9359650e3a52bbc8abc087dbd20e36b1') in 0.269774 seconds
  Import took 0.272627 seconds .

========================================================================
Received Import Request.
  Time since last request: 0.000269 seconds.
  path: Assets/Scripts/StandaloneInput.cs
  artifactKey: Guid(25ab92e51ba190c4d9c0ac1b659d4334) Importer(815301076,1909f56bfc062723c751e8b465ee728b)
Start importing Assets/Scripts/StandaloneInput.cs using Guid(25ab92e51ba190c4d9c0ac1b659d4334) Importer(815301076,1909f56bfc062723c751e8b465ee728b)  -> (artifact id: '4fab0169e4f7d074e3de1c73157ae071') in 0.001276 seconds
  Import took 0.002616 seconds .

========================================================================
Received Import Request.
  Time since last request: 0.000139 seconds.
  path: Assets/Scripts/UIController.cs
  artifactKey: Guid(4390d966eb8724ba2907f775b34e94ea) Importer(815301076,1909f56bfc062723c751e8b465ee728b)
Start importing Assets/Scripts/UIController.cs using Guid(4390d966eb8724ba2907f775b34e94ea) Importer(815301076,1909f56bfc062723c751e8b465ee728b)  -> (artifact id: 'b6b70ccbcf24f6e8d43965b6ca605c0d') in 0.001539 seconds
  Import took 0.003388 seconds .

========================================================================
Received Import Request.
  Time since last request: 0.000208 seconds.
  path: Assets/Scripts/Testing
  artifactKey: Guid(16e8cb84543ce400a94769a542ff83b6) Importer(815301076,1909f56bfc062723c751e8b465ee728b)
Start importing Assets/Scripts/Testing using Guid(16e8cb84543ce400a94769a542ff83b6) Importer(815301076,1909f56bfc062723c751e8b465ee728b)  -> (artifact id: 'cba48f2c48e545303dc774fbbbcc5cd6') in 0.000868 seconds
  Import took 0.002594 seconds .

========================================================================
Received Import Request.
  Time since last request: 0.000203 seconds.
  path: Assets/Scripts/UnityChanSpawner.cs
  artifactKey: Guid(05037a80244af4174806bc7f242e4432) Importer(815301076,1909f56bfc062723c751e8b465ee728b)
Start importing Assets/Scripts/UnityChanSpawner.cs using Guid(05037a80244af4174806bc7f242e4432) Importer(815301076,1909f56bfc062723c751e8b465ee728b)  -> (artifact id: 'af52e7ac8819e064f62ae055dc7f278f') in 0.001705 seconds
  Import took 0.004214 seconds .

========================================================================
Received Import Request.
  Time since last request: 0.196558 seconds.
  path: Assets/Scripts/PlayerMovement.cs
  artifactKey: Guid(82b41b172a31546ffba450f1418f4e69) Importer(815301076,1909f56bfc062723c751e8b465ee728b)
Start importing Assets/Scripts/PlayerMovement.cs using Guid(82b41b172a31546ffba450f1418f4e69) Importer(815301076,1909f56bfc062723c751e8b465ee728b)  -> (artifact id: 'd32d5096de9ce5fc4049d3ab0db4f909') in 0.001200 seconds
  Import took 0.002855 seconds .

========================================================================
Received Import Request.
  Time since last request: 0.002346 seconds.
  path: Assets/Scripts/PlayerMovement.cs
  artifactKey: Guid(82b41b172a31546ffba450f1418f4e69) Importer(815301076,1909f56bfc062723c751e8b465ee728b)
Start importing Assets/Scripts/PlayerMovement.cs using Guid(82b41b172a31546ffba450f1418f4e69) Importer(815301076,1909f56bfc062723c751e8b465ee728b)  -> (artifact id: 'd32d5096de9ce5fc4049d3ab0db4f909') in 0.001087 seconds
  Import took 0.002543 seconds .

========================================================================
Received Import Request.
  Time since last request: 0.494310 seconds.
  path: Assets/Scripts/MobileInput.cs
  artifactKey: Guid(4dfd718a7e9024f46a4f711eabf2c086) Importer(815301076,1909f56bfc062723c751e8b465ee728b)
Start importing Assets/Scripts/MobileInput.cs using Guid(4dfd718a7e9024f46a4f711eabf2c086) Importer(815301076,1909f56bfc062723c751e8b465ee728b)  -> (artifact id: 'ea1f5d25684f222cf8c667d4aa2cdcc0') in 0.001415 seconds
  Import took 0.003868 seconds .

========================================================================
Received Import Request.
  Time since last request: 0.000280 seconds.
  path: Assets/Scripts/MobileInput.cs
  artifactKey: Guid(4dfd718a7e9024f46a4f711eabf2c086) Importer(815301076,1909f56bfc062723c751e8b465ee728b)
Start importing Assets/Scripts/MobileInput.cs using Guid(4dfd718a7e9024f46a4f711eabf2c086) Importer(815301076,1909f56bfc062723c751e8b465ee728b)  -> (artifact id: 'ea1f5d25684f222cf8c667d4aa2cdcc0') in 0.001069 seconds
  Import took 0.002423 seconds .

AssetImportWorkerClient::OnTransportError - code=2 error=End of file
