Using pre-set license

 COMMAND LINE ARGUMENTS:
/Applications/Unity/Hub/Editor/2020.3.11f1/Unity.app/Contents/MacOS/Unity
-adb2
-batchMode
-noUpm
-name
AssetImportWorker0
-projectPath
/Users/sai-ithw/Documents/VinhHuynh/Referrences/MLAPI-Examples-master
-logFile
Logs/AssetImportWorker0.log
-srvPort
57189
Successfully changed project path to: /Users/sai-ithw/Documents/VinhHuynh/Referrences/MLAPI-Examples-master
/Users/sai-ithw/Documents/VinhHuynh/Referrences/MLAPI-Examples-master
Using Asset Import Pipeline V2.
Refreshing native plugins compatible for Editor in 39.64 ms, found 2 plugins.
Preloading 0 native plugins for Editor in 0.00 ms.
Initialize engine version: 2020.3.11f1 (99c7afb366b3)
[Subsystems] Discovering subsystems at path /Applications/Unity/Hub/Editor/2020.3.11f1/Unity.app/Contents/Resources/UnitySubsystems
[Subsystems] Discovering subsystems at path /Users/sai-ithw/Documents/VinhHuynh/Referrences/MLAPI-Examples-master/Assets
GfxDevice: creating device client; threaded=0
2021-06-15 21:47:34.158 Unity[27270:546019] DELL P2217H preferred device: Intel(R) UHD Graphics 630 (low power)
2021-06-15 21:47:34.158 Unity[27270:546019] Metal devices available: 1
2021-06-15 21:47:34.158 Unity[27270:546019] 0: Intel(R) UHD Graphics 630 (low power)
2021-06-15 21:47:34.159 Unity[27270:546019] Using device Intel(R) UHD Graphics 630 (low power)
Initializing Metal device caps: Intel(R) UHD Graphics 630
Initialize mono
Mono path[0] = '/Applications/Unity/Hub/Editor/2020.3.11f1/Unity.app/Contents/Managed'
Mono path[1] = '/Applications/Unity/Hub/Editor/2020.3.11f1/Unity.app/Contents/MonoBleedingEdge/lib/mono/unityjit'
Mono config path = '/Applications/Unity/Hub/Editor/2020.3.11f1/Unity.app/Contents/MonoBleedingEdge/etc'
Using monoOptions --debugger-agent=transport=dt_socket,embedding=1,server=y,suspend=n,address=127.0.0.1:56270
Begin MonoManager ReloadAssembly
Registering precompiled unity dll's ...
Register platform support module: /Applications/Unity/Hub/Editor/2020.3.11f1/Unity.app/Contents/PlaybackEngines/MacStandaloneSupport/UnityEditor.OSXStandalone.Extensions.dll
Registered in 0.000448 seconds.
Native extension for OSXStandalone target not found
Refreshing native plugins compatible for Editor in 32.76 ms, found 2 plugins.
Preloading 0 native plugins for Editor in 0.00 ms.
Mono: successfully reloaded assembly
- Completed reload, in  2.130 seconds
Platform modules already initialized, skipping
Registering precompiled user dll's ...
Registered in 0.002119 seconds.
Begin MonoManager ReloadAssembly
Native extension for OSXStandalone target not found
Refreshing native plugins compatible for Editor in 0.54 ms, found 2 plugins.
Preloading 0 native plugins for Editor in 0.00 ms.
Mono: successfully reloaded assembly
- Completed reload, in  1.187 seconds
Platform modules already initialized, skipping
========================================================================
Worker process is ready to serve import requests
Launching external process: /Applications/Unity/Hub/Editor/2020.3.11f1/Unity.app/Contents/Tools/UnityShaderCompiler
Launched and connected shader compiler UnityShaderCompiler after 0.01 seconds
Refreshing native plugins compatible for Editor in 0.55 ms, found 2 plugins.
Preloading 0 native plugins for Editor in 0.00 ms.
Unloading 1990 Unused Serialized files (Serialized files now loaded: 0)
System memory in use before: 157.4 MB.
System memory in use after: 157.5 MB.

Unloading 60 unused Assets to reduce memory usage. Loaded Objects now: 2399.
Total: 4.409570 ms (FindLiveObjects: 0.174819 ms CreateObjectMapping: 0.052048 ms MarkObjects: 4.120907 ms  DeleteObjects: 0.061189 ms)

========================================================================
Received Import Request.
  path: Assets/Sphere.prefab
  artifactKey: Guid(02e37f97df7ed8d459e06fd7c4e9e5df) Importer(815301076,1909f56bfc062723c751e8b465ee728b)
Start importing Assets/Sphere.prefab using Guid(02e37f97df7ed8d459e06fd7c4e9e5df) Importer(815301076,1909f56bfc062723c751e8b465ee728b)  -> (artifact id: 'd5f2e966e3ab0f6e939bdd000f017a8a') in 0.566168 seconds
  Import took 0.568928 seconds .

========================================================================
Received Import Request.
  Time since last request: 0.000199 seconds.
  path: Assets/ThirdPersonController.prefab
  artifactKey: Guid(e76e7324100b55b4884126b83418ebab) Importer(815301076,1909f56bfc062723c751e8b465ee728b)
Start importing Assets/ThirdPersonController.prefab using Guid(e76e7324100b55b4884126b83418ebab) Importer(815301076,1909f56bfc062723c751e8b465ee728b)  -> (artifact id: 'dc90e5831e0c3eaf1b44f61cbbda3207') in 0.421423 seconds
  Import took 0.428269 seconds .

========================================================================
Received Import Request.
  Time since last request: 0.000146 seconds.
  path: Assets/Cube.prefab
  artifactKey: Guid(03a297f61fe3ef344989473054d7a493) Importer(815301076,1909f56bfc062723c751e8b465ee728b)
Start importing Assets/Cube.prefab using Guid(03a297f61fe3ef344989473054d7a493) Importer(815301076,1909f56bfc062723c751e8b465ee728b)  -> (artifact id: '61fa3eb681c5f0adfa683cda3c03f0a0') in 0.007137 seconds
  Import took 0.010017 seconds .

========================================================================
Received Import Request.
  Time since last request: 0.000169 seconds.
  path: Assets/Friction.physicMaterial
  artifactKey: Guid(96f8ee953b5660d45a3c92595a37d2e4) Importer(815301076,1909f56bfc062723c751e8b465ee728b)
Start importing Assets/Friction.physicMaterial using Guid(96f8ee953b5660d45a3c92595a37d2e4) Importer(815301076,1909f56bfc062723c751e8b465ee728b)  -> (artifact id: '7d07aedffce8dc8ac3bda05503ea50cf') in 0.191431 seconds
  Import took 0.194490 seconds .

========================================================================
Received Import Request.
  Time since last request: 64.151878 seconds.
  path: Assets/Editor/MLAPI/JSONStructs/GithubAsset.cs
  artifactKey: Guid(8442ff9d8d6493240a0400e4b0037d95) Importer(815301076,1909f56bfc062723c751e8b465ee728b)
Start importing Assets/Editor/MLAPI/JSONStructs/GithubAsset.cs using Guid(8442ff9d8d6493240a0400e4b0037d95) Importer(815301076,1909f56bfc062723c751e8b465ee728b)  -> (artifact id: '89514f504fd22ac7b5c8fae5c43d577c') in 0.233288 seconds
  Import took 0.235929 seconds .

========================================================================
Received Import Request.
  Time since last request: 2.627218 seconds.
  path: Assets/Editor/MLAPI/JSONStructs/GithubRelease.cs
  artifactKey: Guid(df786a340858b104687537c9f395dcf8) Importer(815301076,1909f56bfc062723c751e8b465ee728b)
Start importing Assets/Editor/MLAPI/JSONStructs/GithubRelease.cs using Guid(df786a340858b104687537c9f395dcf8) Importer(815301076,1909f56bfc062723c751e8b465ee728b)  -> (artifact id: 'bbf64b7f27e84273c50c3b7d5071503c') in 0.002465 seconds
  Import took 0.005512 seconds .

========================================================================
Received Import Request.
  Time since last request: 119.434309 seconds.
  path: Assets/MLAPI
  artifactKey: Guid(7f05b308edbed8e4a9727929ec25d979) Importer(815301076,1909f56bfc062723c751e8b465ee728b)
Start importing Assets/MLAPI using Guid(7f05b308edbed8e4a9727929ec25d979) Importer(815301076,1909f56bfc062723c751e8b465ee728b)  -> (artifact id: 'c4f87c2a7ff573f304160c14e61be0c9') in 0.001094 seconds
  Import took 0.004022 seconds .

========================================================================
Received Import Request.
  Time since last request: 9.297620 seconds.
  path: Assets/MenuScene.unity
  artifactKey: Guid(28dbebe693232354c9c01f31c4f4588d) Importer(815301076,1909f56bfc062723c751e8b465ee728b)
Start importing Assets/MenuScene.unity using Guid(28dbebe693232354c9c01f31c4f4588d) Importer(815301076,1909f56bfc062723c751e8b465ee728b)  -> (artifact id: '1e762676908e10f0452ae53f124ca15e') in 0.001061 seconds
  Import took 0.004117 seconds .

========================================================================
Received Prepare
Registering precompiled user dll's ...
Registered in 0.001972 seconds.
Begin MonoManager ReloadAssembly
Native extension for OSXStandalone target not found
Refreshing native plugins compatible for Editor in 0.55 ms, found 2 plugins.
Preloading 0 native plugins for Editor in 0.00 ms.
Mono: successfully reloaded assembly
- Completed reload, in  1.119 seconds
Platform modules already initialized, skipping
Refreshing native plugins compatible for Editor in 0.56 ms, found 2 plugins.
Preloading 0 native plugins for Editor in 0.00 ms.
Unloading 1984 Unused Serialized files (Serialized files now loaded: 0)
System memory in use before: 174.7 MB.
System memory in use after: 174.8 MB.

Unloading 52 unused Assets to reduce memory usage. Loaded Objects now: 2414.
Total: 4.518479 ms (FindLiveObjects: 0.160596 ms CreateObjectMapping: 0.059208 ms MarkObjects: 4.240620 ms  DeleteObjects: 0.056863 ms)

========================================================================
Received Import Request.
  Time since last request: 606.316216 seconds.
  path: Assets/PlayerMovement.cs
  artifactKey: Guid(210461fd4e2044b449d1ee7c72656ea8) Importer(815301076,1909f56bfc062723c751e8b465ee728b)
Start importing Assets/PlayerMovement.cs using Guid(210461fd4e2044b449d1ee7c72656ea8) Importer(815301076,1909f56bfc062723c751e8b465ee728b)  -> (artifact id: '550f0a6d43f7c6ac14a8dc276cec2b75') in 0.004012 seconds
  Import took 0.006803 seconds .

========================================================================
Received Import Request.
  Time since last request: 0.002202 seconds.
  path: Assets/PlayerMovement.cs
  artifactKey: Guid(210461fd4e2044b449d1ee7c72656ea8) Importer(815301076,1909f56bfc062723c751e8b465ee728b)
Start importing Assets/PlayerMovement.cs using Guid(210461fd4e2044b449d1ee7c72656ea8) Importer(815301076,1909f56bfc062723c751e8b465ee728b)  -> (artifact id: '550f0a6d43f7c6ac14a8dc276cec2b75') in 0.001162 seconds
  Import took 0.003398 seconds .

========================================================================
Received Prepare
Registering precompiled user dll's ...
Registered in 0.002307 seconds.
Begin MonoManager ReloadAssembly
Native extension for OSXStandalone target not found
Refreshing native plugins compatible for Editor in 0.55 ms, found 2 plugins.
Preloading 0 native plugins for Editor in 0.00 ms.
Mono: successfully reloaded assembly
- Completed reload, in  1.202 seconds
Platform modules already initialized, skipping
Refreshing native plugins compatible for Editor in 0.53 ms, found 2 plugins.
Preloading 0 native plugins for Editor in 0.00 ms.
Unloading 1984 Unused Serialized files (Serialized files now loaded: 0)
System memory in use before: 174.9 MB.
System memory in use after: 175.0 MB.

Unloading 51 unused Assets to reduce memory usage. Loaded Objects now: 2417.
Total: 5.496553 ms (FindLiveObjects: 0.293959 ms CreateObjectMapping: 0.090576 ms MarkObjects: 5.081620 ms  DeleteObjects: 0.029526 ms)

========================================================================
Received Import Request.
  Time since last request: 4.256482 seconds.
  path: Assets/SyncPosition.cs
  artifactKey: Guid(5d9ccecb240e5b84fadd660cc985dad7) Importer(815301076,1909f56bfc062723c751e8b465ee728b)
Start importing Assets/SyncPosition.cs using Guid(5d9ccecb240e5b84fadd660cc985dad7) Importer(815301076,1909f56bfc062723c751e8b465ee728b)  -> (artifact id: '5335966cfa33e11d64a15e51c399b081') in 0.004345 seconds
  Import took 0.007531 seconds .

AssetImportWorkerClient::OnTransportError - code=2 error=End of file
